#
# There is insufficient memory for the Java Runtime Environment to continue.
# Native memory allocation (mmap) failed to map 132120576 bytes for G1 virtual space
# Possible reasons:
#   The system is out of physical RAM or swap space
#   The process is running with CompressedOops enabled, and the Java Heap may be blocking the growth of the native heap
# Possible solutions:
#   Reduce memory load on the system
#   Increase physical memory or swap space
#   Check if swap backing store is full
#   Decrease Java heap size (-Xmx/-Xms)
#   Decrease number of Java threads
#   Decrease Java thread stack sizes (-Xss)
#   Set larger code cache with -XX:ReservedCodeCacheSize=
#   JVM is running with Unscaled Compressed Oops mode in which the Java heap is
#     placed in the first 4GB address space. The Java Heap base address is the
#     maximum limit for the native heap growth. Please use -XX:HeapBaseMinAddress
#     to set the Java Heap base and to place the Java Heap above 4GB virtual address.
# This output file may be truncated or incomplete.
#
#  Out of Memory Error (os_windows.cpp:3548), pid=18260, tid=22176
#
# JRE version:  (17.0.11+7) (build )
# Java VM: Java HotSpot(TM) 64-Bit Server VM (17.0.11+7-LTS-207, mixed mode, sharing, tiered, compressed oops, compressed class ptrs, g1 gc, windows-amd64)
# No core dump will be written. Minidumps are not enabled by default on client versions of Windows
#

---------------  S U M M A R Y ------------

Command Line: C:\Users\esteb\AppData\Local\Temp\surefire12905785159336234777\surefirebooter-20251016121129276_3.jar C:\Users\esteb\AppData\Local\Temp\surefire12905785159336234777 2025-10-16T12-11-28_878-jvmRun1 surefire-20251016121129276_1tmp surefire_0-20251016121129276_2tmp

Host: Intel(R) Core(TM) i3-1005G1 CPU @ 1.20GHz, 4 cores, 7G,  Windows 11 , 64 bit Build 26100 (10.0.26100.5074)
Time: Thu Oct 16 12:11:29 2025 Hora est. Pac璗ico, Sudam廨ica elapsed time: 0.218186 seconds (0d 0h 0m 0s)

---------------  T H R E A D  ---------------

Current thread (0x0000028c02a30710):  JavaThread "Unknown thread" [_thread_in_vm, id=22176, stack(0x0000008c2a200000,0x0000008c2a300000)]

Stack: [0x0000008c2a200000,0x0000008c2a300000]
Native frames: (J=compiled Java code, j=interpreted, Vv=VM code, C=native code)
V  [jvm.dll+0x679cca]
V  [jvm.dll+0x7da13d]
V  [jvm.dll+0x7dba83]
V  [jvm.dll+0x7dc0f3]
V  [jvm.dll+0x2449af]
V  [jvm.dll+0x676ce9]
V  [jvm.dll+0x66b852]
V  [jvm.dll+0x3018d6]
V  [jvm.dll+0x308e76]
V  [jvm.dll+0x3596ee]
V  [jvm.dll+0x35991f]
V  [jvm.dll+0x2d89a8]
V  [jvm.dll+0x2d9914]
V  [jvm.dll+0x7ac6b1]
V  [jvm.dll+0x366f61]
V  [jvm.dll+0x78b609]
V  [jvm.dll+0x3ec22f]
V  [jvm.dll+0x3ede61]
C  [jli.dll+0x5297]
C  [ucrtbase.dll+0x37b0]
C  [KERNEL32.DLL+0x2e8d7]
C  [ntdll.dll+0x8d9c]


---------------  P R O C E S S  ---------------

Threads class SMR info:
_java_thread_list=0x00007ff914d17a18, length=0, elements={
}

Java Threads: ( => current thread )

Other Threads:
  0x0000028c02a8a9e0 GCTaskThread "GC Thread#0" [stack: 0x0000008c2a300000,0x0000008c2a400000] [id=1736]
  0x0000028c02a9c370 ConcurrentGCThread "G1 Main Marker" [stack: 0x0000008c2a400000,0x0000008c2a500000] [id=13244]
  0x0000028c02a9e6b0 ConcurrentGCThread "G1 Conc#0" [stack: 0x0000008c2a500000,0x0000008c2a600000] [id=18180]

[error occurred during error reporting (printing all threads), id 0xc0000005, EXCEPTION_ACCESS_VIOLATION (0xc0000005) at pc=0x00007ff914549497]

VM state: not at safepoint (not fully initialized)

VM Mutex/Monitor currently owned by a thread:  ([mutex/lock_event])
[0x0000028c02a2cf80] Heap_lock - owner thread: 0x0000028c02a30710

Heap address: 0x0000000083200000, size: 1998 MB, Compressed Oops mode: 32-bit

CDS archive(s) mapped at: [0x0000000000000000-0x0000000000000000-0x0000000000000000), size 0, SharedBaseAddress: 0x0000000800000000, ArchiveRelocationMode: 1.
Narrow klass base: 0x0000000000000000, Narrow klass shift: 0, Narrow klass range: 0x0

GC Precious Log:
<Empty>

Heap:
 garbage-first heap   total 0K, used 0K [0x0000000083200000, 0x0000000100000000)
  region size 1024K, 0 young (0K), 0 survivors (0K)

[error occurred during error reporting (printing heap information), id 0xc0000005, EXCEPTION_ACCESS_VIOLATION (0xc0000005) at pc=0x00007ff914933559]

GC Heap History (0 events):
No events

Deoptimization events (0 events):
No events

Classes unloaded (0 events):
No events

Classes redefined (0 events):
No events

Internal exceptions (0 events):
No events

VM Operations (0 events):
No events

Events (1 events):
Event: 0.015 Loaded shared library C:\Program Files\Java\jdk-17\bin\java.dll


Dynamic libraries:
0x00007ff6bee70000 - 0x00007ff6bee80000 	C:\Program Files\Java\jdk-17\bin\java.exe
0x00007ff9d5980000 - 0x00007ff9d5be9000 	C:\WINDOWS\SYSTEM32\ntdll.dll
0x00007ff9d50f0000 - 0x00007ff9d51b9000 	C:\WINDOWS\System32\KERNEL32.DLL
0x00007ff9d32b0000 - 0x00007ff9d36a3000 	C:\WINDOWS\System32\KERNELBASE.dll
0x00007ff9d2ff0000 - 0x00007ff9d313b000 	C:\WINDOWS\System32\ucrtbase.dll
0x00007ff9c3700000 - 0x00007ff9c3719000 	C:\Program Files\Java\jdk-17\bin\jli.dll
0x00007ff9d4650000 - 0x00007ff9d4704000 	C:\WINDOWS\System32\ADVAPI32.dll
0x00007ff9d45a0000 - 0x00007ff9d4649000 	C:\WINDOWS\System32\msvcrt.dll
0x00007ff9d5790000 - 0x00007ff9d5836000 	C:\WINDOWS\System32\sechost.dll
0x00007ff9d3a70000 - 0x00007ff9d3b88000 	C:\WINDOWS\System32\RPCRT4.dll
0x00007ff9d3750000 - 0x00007ff9d3914000 	C:\WINDOWS\System32\USER32.dll
0x00007ff9d3140000 - 0x00007ff9d3167000 	C:\WINDOWS\System32\win32u.dll
0x00007ff9d4940000 - 0x00007ff9d496b000 	C:\WINDOWS\System32\GDI32.dll
0x00007ff9d2d50000 - 0x00007ff9d2e7d000 	C:\WINDOWS\System32\gdi32full.dll
0x00007ff9d3170000 - 0x00007ff9d3213000 	C:\WINDOWS\System32\msvcp_win.dll
0x00007ff9c7f50000 - 0x00007ff9c7f6b000 	C:\Program Files\Java\jdk-17\bin\VCRUNTIME140.dll
0x00007ff9bdd70000 - 0x00007ff9be003000 	C:\WINDOWS\WinSxS\amd64_microsoft.windows.common-controls_6595b64144ccf1df_6.0.26100.5074_none_3e0d6f78e32fd63f\COMCTL32.dll
0x00007ff9cb2d0000 - 0x00007ff9cb2db000 	C:\WINDOWS\SYSTEM32\VERSION.dll
0x00007ff9d51c0000 - 0x00007ff9d51ef000 	C:\WINDOWS\System32\IMM32.DLL
0x00007ff9c5010000 - 0x00007ff9c501c000 	C:\Program Files\Java\jdk-17\bin\vcruntime140_1.dll
0x00007ff98e960000 - 0x00007ff98e9ee000 	C:\Program Files\Java\jdk-17\bin\msvcp140.dll
0x00007ff914260000 - 0x00007ff914e40000 	C:\Program Files\Java\jdk-17\bin\server\jvm.dll
0x00007ff9d4930000 - 0x00007ff9d4938000 	C:\WINDOWS\System32\PSAPI.DLL
0x00007ff9b6450000 - 0x00007ff9b645a000 	C:\WINDOWS\SYSTEM32\WSOCK32.dll
0x00007ff9d3930000 - 0x00007ff9d39a4000 	C:\WINDOWS\System32\WS2_32.dll
0x00007ff9cbe60000 - 0x00007ff9cbe95000 	C:\WINDOWS\SYSTEM32\WINMM.dll
0x00007ff9d18c0000 - 0x00007ff9d18db000 	C:\WINDOWS\SYSTEM32\kernel.appcore.dll
0x00007ff9c3750000 - 0x00007ff9c375a000 	C:\Program Files\Java\jdk-17\bin\jimage.dll
0x00007ff9d0410000 - 0x00007ff9d0652000 	C:\WINDOWS\SYSTEM32\DBGHELP.DLL
0x00007ff9d41c0000 - 0x00007ff9d453b000 	C:\WINDOWS\System32\combase.dll
0x00007ff9d5200000 - 0x00007ff9d52d7000 	C:\WINDOWS\System32\OLEAUT32.dll
0x00007ff9b8590000 - 0x00007ff9b85cd000 	C:\WINDOWS\SYSTEM32\dbgcore.DLL
0x00007ff9d36b0000 - 0x00007ff9d3749000 	C:\WINDOWS\System32\bcryptPrimitives.dll
0x00007ff990370000 - 0x00007ff990395000 	C:\Program Files\Java\jdk-17\bin\java.dll

dbghelp: loaded successfully - version: 4.0.5 - missing functions: none
symbol engine: initialized successfully - sym options: 0x614 - pdb path: .;C:\Program Files\Java\jdk-17\bin;C:\WINDOWS\SYSTEM32;C:\WINDOWS\WinSxS\amd64_microsoft.windows.common-controls_6595b64144ccf1df_6.0.26100.5074_none_3e0d6f78e32fd63f;C:\Program Files\Java\jdk-17\bin\server

VM Arguments:
java_command: C:\Users\esteb\AppData\Local\Temp\surefire12905785159336234777\surefirebooter-20251016121129276_3.jar C:\Users\esteb\AppData\Local\Temp\surefire12905785159336234777 2025-10-16T12-11-28_878-jvmRun1 surefire-20251016121129276_1tmp surefire_0-20251016121129276_2tmp
java_class_path (initial): C:\Users\esteb\AppData\Local\Temp\surefire12905785159336234777\surefirebooter-20251016121129276_3.jar
Launcher Type: SUN_STANDARD

[Global flags]
     intx CICompilerCount                          = 3                                         {product} {ergonomic}
     uint ConcGCThreads                            = 1                                         {product} {ergonomic}
     uint G1ConcRefinementThreads                  = 4                                         {product} {ergonomic}
   size_t G1HeapRegionSize                         = 1048576                                   {product} {ergonomic}
    uintx GCDrainStackTargetSize                   = 64                                        {product} {ergonomic}
   size_t InitialHeapSize                          = 132120576                                 {product} {ergonomic}
   size_t MarkStackSize                            = 4194304                                   {product} {ergonomic}
   size_t MaxHeapSize                              = 2095054848                                {product} {ergonomic}
   size_t MinHeapDeltaBytes                        = 1048576                                   {product} {ergonomic}
   size_t MinHeapSize                              = 8388608                                   {product} {ergonomic}
    uintx NonNMethodCodeHeapSize                   = 5832780                                {pd product} {ergonomic}
    uintx NonProfiledCodeHeapSize                  = 122912730                              {pd product} {ergonomic}
    uintx ProfiledCodeHeapSize                     = 122912730                              {pd product} {ergonomic}
    uintx ReservedCodeCacheSize                    = 251658240                              {pd product} {ergonomic}
     bool SegmentedCodeCache                       = true                                      {product} {ergonomic}
   size_t SoftMaxHeapSize                          = 2095054848                             {manageable} {ergonomic}
     bool UseCompressedClassPointers               = true                           {product lp64_product} {ergonomic}
     bool UseCompressedOops                        = true                           {product lp64_product} {ergonomic}
     bool UseG1GC                                  = true                                      {product} {ergonomic}
     bool UseLargePagesIndividualAllocation        = false                                  {pd product} {ergonomic}

Logging:
Log output configuration:
 #0: stdout all=warning uptime,level,tags
 #1: stderr all=off uptime,level,tags

Environment Variables:
JAVA_HOME=C:\Program Files\Java\jdk-17
PATH=C:\WINDOWS\system32;C:\WINDOWS;C:\WINDOWS\System32\Wbem;C:\WINDOWS\System32\WindowsPowerShell\v1.0\;C:\WINDOWS\System32\OpenSSH\;C:\Program Files\Java\jdk-17\bin;C:\Program Files\Git\cmd;C:\Users\esteb\OneDrive\Escritorio\apache-maven-3.9.9\bin;C:\Program Files\PostgreSQL\17\bin;C:\Program Files\Docker\Docker\resources\bin;C:\ProgramData\chocolatey\bin;C:\Program Files\Arduino PLC IDE Tools\;C:\Program Files\nodejs\;C:\Program Files\Amazon\AWSCLIV2\;C:\Users\esteb\AppData\Local\Microsoft\WindowsApps;C:\Program Files\Java\jdk-17\bin;C:\Program Files\MongoDB\Server\8.0\bin;C:\Program Files\MongoDB\mongosh-2.3.1-win32-x64\bin;C:\Users\esteb\AppData\Local\Programs\Microsoft VS Code\bin;C:\Users\esteb\AppData\Roaming\npm;%USERPROFILE%\AppData\Local\Microsoft\WindowsApps;
USERNAME=esteb
OS=Windows_NT
PROCESSOR_IDENTIFIER=Intel64 Family 6 Model 126 Stepping 5, GenuineIntel



---------------  S Y S T E M  ---------------

OS:
 Windows 11 , 64 bit Build 26100 (10.0.26100.5074)
OS uptime: 28 days 19:32 hours
Hyper-V role detected

CPU: total 4 (initial active 4) (2 cores per cpu, 2 threads per core) family 6 model 126 stepping 5 microcode 0x86, cx8, cmov, fxsr, ht, mmx, 3dnowpref, sse, sse2, sse3, ssse3, sse4.1, sse4.2, popcnt, lzcnt, tsc, tscinvbit, avx, avx2, aes, erms, clmul, bmi1, bmi2, adx, avx512f, avx512dq, avx512cd, avx512bw, avx512vl, sha, fma, vzeroupper, avx512_vpopcntdq, avx512_vpclmulqdq, avx512_vaes, avx512_vnni, clflush, clflushopt, avx512_vbmi2, avx512_vbmi, hv

Memory: 4k page, system-wide physical 7987M (465M free)
TotalPageFile size 28332M (AvailPageFile size 37M)
current process WorkingSet (physical memory assigned to process): 12M, peak: 12M
current process commit charge ("private bytes"): 52M, peak: 178M

vm_info: Java HotSpot(TM) 64-Bit Server VM (17.0.11+7-LTS-207) for windows-amd64 JRE (17.0.11+7-LTS-207), built on Mar 11 2024 19:01:50 by "mach5one" with MS VC++ 17.6 (VS2022)

END.
